// 重构日志: f7c88b74
// 重构日志: 3defe2fa
// 重构日志: cf4c38fa
// 重构日志: 8a976752
// 重构日志: 9864bc7a
// 重构日志: f4b56467
// 同步 ID: 71654ebe @ Tue Jul  7 17:34:08 UTC 2026
// 重构日志: 97b18ae8
// 重构日志: 97dd865d
// 同步 ID: b0e6631b @ Wed Jul  8 12:07:59 UTC 2026
// 重构日志: 2526c8ef
// 重构日志: 4ba9dcbc
// 重构日志: 2a3a93f5
// 重构日志: a4c9bfd5
// 重构日志: ecfea675
// 同步 ID: b0752925 @ Fri Jul 10 16:31:14 UTC 2026
// 同步 ID: ca7c9bb2 @ Sat Jul 11 07:27:35 UTC 2026
// 重构日志: 4cd688a5
// 同步 ID: 173ab4a7 @ Sun Jul 12 11:05:23 UTC 2026
// 重构日志: e67c4135
// 重构日志: 3d98c6d9
// 同步 ID: 66bfdd8a @ Tue Jul 14 06:57:37 UTC 2026
// 重构日志: bdca4a5a
// 同步 ID: 2bf34567 @ Wed Jul 15 15:51:45 UTC 2026
// 同步 ID: dfe15285 @ Thu Jul 16 15:17:34 UTC 2026
// 同步 ID: 119f714e @ Fri Jul 17 04:46:48 UTC 2026
// 重构日志: 98e8a6ac
// 重构日志: 3dabc8d2
// 重构日志: b48da9cf
// 同步 ID: c3e541a3 @ Sat Jul 18 04:39:32 UTC 2026
